\BOOKMARK [0][-]{chapter.1}{\376\377\000u\000P\000S\000i\000m\000u\000l\000a\000t\000o\000r}{}% 1
\BOOKMARK [1][-]{section.1.1}{\376\377\000a\000r\000i\000t\000h\000m\000e\000t\000i\000c\000e\000x\000p\000r\000e\000s\000s\000i\000o\000n\000n\000o\000d\000e\000s\000\040\000m\000o\000d\000u\000l\000e}{chapter.1}% 2
\BOOKMARK [1][-]{section.1.2}{\376\377\000a\000s\000s\000e\000m\000b\000l\000e\000u\000r\000c\000o\000n\000t\000a\000i\000n\000e\000r\000\040\000m\000o\000d\000u\000l\000e}{chapter.1}% 3
\BOOKMARK [1][-]{section.1.3}{\376\377\000a\000s\000s\000e\000m\000b\000l\000e\000u\000r\000l\000i\000n\000e\000s\000\040\000m\000o\000d\000u\000l\000e}{chapter.1}% 4
\BOOKMARK [1][-]{section.1.4}{\376\377\000c\000o\000d\000e\000p\000a\000r\000s\000e\000r\000\040\000m\000o\000d\000u\000l\000e}{chapter.1}% 5
\BOOKMARK [1][-]{section.1.5}{\376\377\000c\000o\000m\000p\000a\000r\000a\000i\000s\000o\000n\000e\000x\000p\000r\000e\000s\000s\000i\000o\000n\000n\000o\000d\000e\000s\000\040\000m\000o\000d\000u\000l\000e}{chapter.1}% 6
\BOOKMARK [1][-]{section.1.6}{\376\377\000c\000o\000m\000p\000i\000l\000e\000e\000x\000p\000r\000e\000s\000s\000i\000o\000n\000m\000a\000n\000a\000g\000e\000r\000\040\000m\000o\000d\000u\000l\000e}{chapter.1}% 7
\BOOKMARK [1][-]{section.1.7}{\376\377\000c\000o\000m\000p\000i\000l\000e\000m\000a\000n\000a\000g\000e\000r\000\040\000m\000o\000d\000u\000l\000e}{chapter.1}% 8
\BOOKMARK [1][-]{section.1.8}{\376\377\000e\000r\000r\000o\000r\000s\000\040\000m\000o\000d\000u\000l\000e}{chapter.1}% 9
\BOOKMARK [1][-]{section.1.9}{\376\377\000e\000x\000a\000m\000p\000l\000e\000\040\000m\000o\000d\000u\000l\000e}{chapter.1}% 10
\BOOKMARK [1][-]{section.1.10}{\376\377\000e\000x\000e\000c\000u\000t\000e\000u\000r\000\040\000m\000o\000d\000u\000l\000e}{chapter.1}% 11
\BOOKMARK [1][-]{section.1.11}{\376\377\000e\000x\000e\000c\000u\000t\000e\000u\000r\000c\000o\000m\000p\000o\000n\000e\000n\000t\000s\000\040\000m\000o\000d\000u\000l\000e}{chapter.1}% 12
\BOOKMARK [1][-]{section.1.12}{\376\377\000e\000x\000p\000r\000e\000s\000s\000i\000o\000n\000p\000a\000r\000s\000e\000r\000\040\000m\000o\000d\000u\000l\000e}{chapter.1}% 13
\BOOKMARK [1][-]{section.1.13}{\376\377\000g\000r\000a\000p\000h\000i\000c\000\040\000m\000o\000d\000u\000l\000e}{chapter.1}% 14
\BOOKMARK [1][-]{section.1.14}{\376\377\000l\000a\000b\000e\000l\000\040\000m\000o\000d\000u\000l\000e}{chapter.1}% 15
\BOOKMARK [1][-]{section.1.15}{\376\377\000l\000i\000n\000e\000p\000a\000r\000s\000e\000r\000\040\000m\000o\000d\000u\000l\000e}{chapter.1}% 16
\BOOKMARK [1][-]{section.1.16}{\376\377\000l\000i\000n\000k\000e\000d\000l\000i\000s\000t\000n\000o\000d\000e\000\040\000m\000o\000d\000u\000l\000e}{chapter.1}% 17
\BOOKMARK [1][-]{section.1.17}{\376\377\000l\000i\000t\000t\000e\000r\000a\000l\000\040\000m\000o\000d\000u\000l\000e}{chapter.1}% 18
\BOOKMARK [1][-]{section.1.18}{\376\377\000l\000o\000g\000i\000c\000e\000x\000p\000r\000e\000s\000s\000i\000o\000n\000n\000o\000d\000e\000s\000\040\000m\000o\000d\000u\000l\000e}{chapter.1}% 19
\BOOKMARK [1][-]{section.1.19}{\376\377\000p\000a\000r\000s\000e\000r\000t\000o\000k\000e\000n\000s\000\040\000m\000o\000d\000u\000l\000e}{chapter.1}% 20
\BOOKMARK [1][-]{section.1.20}{\376\377\000p\000r\000o\000c\000e\000s\000s\000o\000r\000e\000n\000g\000i\000n\000e\000\040\000m\000o\000d\000u\000l\000e}{chapter.1}% 21
\BOOKMARK [1][-]{section.1.21}{\376\377\000s\000t\000r\000u\000c\000t\000u\000r\000e\000s\000n\000o\000d\000e\000s\000\040\000m\000o\000d\000u\000l\000e}{chapter.1}% 22
\BOOKMARK [1][-]{section.1.22}{\376\377\000v\000a\000r\000i\000a\000b\000l\000e\000\040\000m\000o\000d\000u\000l\000e}{chapter.1}% 23
\BOOKMARK [1][-]{section.1.23}{\376\377\000w\000i\000d\000g\000e\000t\000s\000\040\000m\000o\000d\000u\000l\000e}{chapter.1}% 24
\BOOKMARK [0][-]{chapter.2}{\376\377\000I\000n\000d\000i\000c\000e\000s\000\040\000a\000n\000d\000\040\000t\000a\000b\000l\000e\000s}{}% 25
\BOOKMARK [0][-]{section*.392}{\376\377\000I\000n\000d\000e\000x\000\040\000d\000e\000s\000\040\000m\000o\000d\000u\000l\000e\000s\000\040\000P\000y\000t\000h\000o\000n}{}% 26
